2022/01/13 15:45:15 - même chose sans parametre -Fichier !!
2022/01/13 15:56:58 - mon texte sans mettre de param
2022/01/13 15:58:46 - ?
2022/01/13 16:02:34 - !?
2022/01/13 16:07:56 - Info - avec type de message en plus
2022/01/13 16:11:57 - Info - avec type de message en plus
2022/01/13 16:12:02 - Info - avec type de message en plus
2022/01/13 16:16:47 - Info - avec type de message en plus
2022/01/13 16:16:58 - Info - avec type de message en plus
2022/01/13 16:17:26 - Erreur - avec type de message en plus
2022/01/13 16:33:20 - Info - test
2022/01/13 16:49:25 - Erreur - Il existe déjà un élément avec le nom spécifié C:\test.
2022/01/13 16:53:54 - Erreur - Il existe déjà un élément avec le nom spécifié C:\Test.
2022/01/13 16:55:01 - Erreur - Il existe déjà un élément avec le nom spécifié C:\Test.
2022/01/13 16:55:05 - Erreur - Il existe déjà un élément avec le nom spécifié C:\Test.
2022/01/13 16:55:05 - Erreur - Il existe déjà un élément avec le nom spécifié C:\Coucou.
2022/01/13 16:55:05 - Erreur - Il existe déjà un élément avec le nom spécifié C:\Blabla.
2022/01/13 17:03:13 - Erreur - Il existe déjà un élément avec le nom spécifié C:\loulou.
2022/01/13 17:03:15 - Erreur - Il existe déjà un élément avec le nom spécifié C:\riri.
2022/01/13 17:03:16 - Erreur - Il existe déjà un élément avec le nom spécifié C:\fifi.
2022/01/13 17:03:16 - Erreur - Il existe déjà un élément avec le nom spécifié C:\loulou.
